<?xml version="1.0" encoding="utf-8"?><testsuites name="pytest tests"><testsuite name="pytest" errors="0" failures="0" skipped="0" tests="22" time="7.542" timestamp="2026-06-03T17:18:38.314108+00:00" hostname="agent-env-3094b63b-fe21-4183-b530-d546de36111c"><testcase classname="backend.tests.test_eventa_api.TestMeta" name="test_root" time="0.313" /><testcase classname="backend.tests.test_eventa_api.TestMeta" name="test_stats" time="0.060" /><testcase classname="backend.tests.test_eventa_api.TestMeta" name="test_categories" time="0.059" /><testcase classname="backend.tests.test_eventa_api.TestMeta" name="test_cities" time="0.054" /><testcase classname="backend.tests.test_eventa_api.TestEvents" name="test_list_all" time="0.068" /><testcase classname="backend.tests.test_eventa_api.TestEvents" name="test_filter_city_mumbai" time="0.059" /><testcase classname="backend.tests.test_eventa_api.TestEvents" name="test_filter_category" time="0.060" /><testcase classname="backend.tests.test_eventa_api.TestEvents" name="test_filter_event_type" time="0.053" /><testcase classname="backend.tests.test_eventa_api.TestEvents" name="test_filter_pricing_free" time="0.054" /><testcase classname="backend.tests.test_eventa_api.TestEvents" name="test_filter_size_mega" time="0.058" /><testcase classname="backend.tests.test_eventa_api.TestEvents" name="test_filter_search_q" time="0.061" /><testcase classname="backend.tests.test_eventa_api.TestEvents" name="test_sort_popular" time="0.066" /><testcase classname="backend.tests.test_eventa_api.TestEvents" name="test_sort_rating" time="0.067" /><testcase classname="backend.tests.test_eventa_api.TestEvents" name="test_date_filter_month" time="0.063" /><testcase classname="backend.tests.test_eventa_api.TestEvents" name="test_trending" time="0.058" /><testcase classname="backend.tests.test_eventa_api.TestEventDetail" name="test_get_event" time="0.066" /><testcase classname="backend.tests.test_eventa_api.TestEventDetail" name="test_get_event_404" time="0.056" /><testcase classname="backend.tests.test_eventa_api.TestEventDetail" name="test_related_events" time="0.058" /><testcase classname="backend.tests.test_eventa_api.TestEventDetail" name="test_summarize" time="2.969" /><testcase classname="backend.tests.test_eventa_api.TestRecs" name="test_recommend_basic" time="1.141" /><testcase classname="backend.tests.test_eventa_api.TestRecs" name="test_recommend_excludes_saved" time="1.858" /><testcase classname="backend.tests.test_eventa_api.TestRecs" name="test_recommend_empty" time="0.062" /></testsuite></testsuites>